2024-04-09 08:58:33,518 Thread-2 (process_request_thread) INFO: Received request: GET http://192.168.1.88:5000/login?phone=18276729761&password=888 [in server.py:59]
2024-04-09 08:58:35,648 Thread-2 (process_request_thread) INFO: get user  [in server_feishu.py:179]
2024-04-09 08:58:35,648 Thread-2 (process_request_thread) INFO: Sending response: 200 OK - b'\xe9\x9f\xa6\xe8\x8a\xb3\xe8\x8a\xb8' [in server.py:67]
2024-04-09 09:00:24,482 ThreadPoolExecutor-0_0 INFO: start scheduled_job1_insert_feishu job.................... [in server_schedule.py:52]
2024-04-09 09:00:24,482 ThreadPoolExecutor-0_0 INFO: scheduled_job1_insert_feishu job 1712624394482 1710032424482 [in server_schedule.py:65]
2024-04-09 09:00:24,483 ThreadPoolExecutor-0_0 INFO: scheduled_job1_insert_feishu job sync = 0 ,[20240408000006, 20240408000007] [in server_schedule.py:71]
2024-04-09 09:00:26,213 ThreadPoolExecutor-0_0 INFO: scheduled_job1_insert_feishu job need insert [] need set sync = 1 ,{20240408000006, 20240408000007} [in server_schedule.py:77]
2024-04-09 09:00:26,222 ThreadPoolExecutor-0_0 INFO: end scheduled_job1_insert_feishu job.................... [in server_schedule.py:104]
2024-04-09 09:02:24,475 ThreadPoolExecutor-0_0 INFO: start scheduled_job1_insert_feishu job.................... [in server_schedule.py:52]
2024-04-09 09:02:24,475 ThreadPoolExecutor-0_0 INFO: scheduled_job1_insert_feishu job 1712624514475 1710032544475 [in server_schedule.py:65]
2024-04-09 09:02:24,476 ThreadPoolExecutor-0_0 INFO: scheduled_job1_insert_feishu job sync = 0 ,[] [in server_schedule.py:71]
2024-04-09 09:02:24,476 ThreadPoolExecutor-0_0 INFO: scheduled_job1_insert_feishu job need insert [] need set sync = 1 ,set() [in server_schedule.py:77]
2024-04-09 09:02:24,476 ThreadPoolExecutor-0_0 INFO: end scheduled_job1_insert_feishu job.................... [in server_schedule.py:104]
2024-04-09 09:04:24,476 ThreadPoolExecutor-0_0 INFO: start scheduled_job1_insert_feishu job.................... [in server_schedule.py:52]
2024-04-09 09:04:24,476 ThreadPoolExecutor-0_0 INFO: scheduled_job1_insert_feishu job 1712624634476 1710032664476 [in server_schedule.py:65]
2024-04-09 09:04:24,477 ThreadPoolExecutor-0_0 INFO: scheduled_job1_insert_feishu job sync = 0 ,[] [in server_schedule.py:71]
2024-04-09 09:04:24,477 ThreadPoolExecutor-0_0 INFO: scheduled_job1_insert_feishu job need insert [] need set sync = 1 ,set() [in server_schedule.py:77]
2024-04-09 09:04:24,477 ThreadPoolExecutor-0_0 INFO: end scheduled_job1_insert_feishu job.................... [in server_schedule.py:104]
2024-04-09 09:06:24,475 ThreadPoolExecutor-0_0 INFO: start scheduled_job1_insert_feishu job.................... [in server_schedule.py:52]
2024-04-09 09:06:24,475 ThreadPoolExecutor-0_0 INFO: scheduled_job1_insert_feishu job 1712624754475 1710032784475 [in server_schedule.py:65]
2024-04-09 09:06:24,475 ThreadPoolExecutor-0_0 INFO: scheduled_job1_insert_feishu job sync = 0 ,[] [in server_schedule.py:71]
2024-04-09 09:06:24,475 ThreadPoolExecutor-0_0 INFO: scheduled_job1_insert_feishu job need insert [] need set sync = 1 ,set() [in server_schedule.py:77]
2024-04-09 09:06:24,475 ThreadPoolExecutor-0_0 INFO: end scheduled_job1_insert_feishu job.................... [in server_schedule.py:104]
2024-04-09 09:08:24,483 ThreadPoolExecutor-0_0 INFO: start scheduled_job1_insert_feishu job.................... [in server_schedule.py:52]
2024-04-09 09:08:24,483 ThreadPoolExecutor-0_0 INFO: scheduled_job1_insert_feishu job 1712624874483 1710032904483 [in server_schedule.py:65]
2024-04-09 09:08:24,485 ThreadPoolExecutor-0_0 INFO: scheduled_job1_insert_feishu job sync = 0 ,[] [in server_schedule.py:71]
2024-04-09 09:08:24,485 ThreadPoolExecutor-0_0 INFO: scheduled_job1_insert_feishu job need insert [] need set sync = 1 ,set() [in server_schedule.py:77]
2024-04-09 09:08:24,485 ThreadPoolExecutor-0_0 INFO: end scheduled_job1_insert_feishu job.................... [in server_schedule.py:104]
2024-04-09 09:10:24,484 ThreadPoolExecutor-0_0 INFO: start scheduled_job1_insert_feishu job.................... [in server_schedule.py:52]
2024-04-09 09:10:24,484 ThreadPoolExecutor-0_0 INFO: scheduled_job1_insert_feishu job 1712624994484 1710033024484 [in server_schedule.py:65]
2024-04-09 09:10:24,485 ThreadPoolExecutor-0_0 INFO: scheduled_job1_insert_feishu job sync = 0 ,[] [in server_schedule.py:71]
2024-04-09 09:10:24,485 ThreadPoolExecutor-0_0 INFO: scheduled_job1_insert_feishu job need insert [] need set sync = 1 ,set() [in server_schedule.py:77]
2024-04-09 09:10:24,485 ThreadPoolExecutor-0_0 INFO: end scheduled_job1_insert_feishu job.................... [in server_schedule.py:104]
2024-04-09 09:12:24,487 ThreadPoolExecutor-0_0 INFO: start scheduled_job1_insert_feishu job.................... [in server_schedule.py:52]
2024-04-09 09:12:24,487 ThreadPoolExecutor-0_0 INFO: scheduled_job1_insert_feishu job 1712625114487 1710033144487 [in server_schedule.py:65]
2024-04-09 09:12:24,488 ThreadPoolExecutor-0_0 INFO: scheduled_job1_insert_feishu job sync = 0 ,[] [in server_schedule.py:71]
2024-04-09 09:12:24,489 ThreadPoolExecutor-0_0 INFO: scheduled_job1_insert_feishu job need insert [] need set sync = 1 ,set() [in server_schedule.py:77]
2024-04-09 09:12:24,489 ThreadPoolExecutor-0_0 INFO: end scheduled_job1_insert_feishu job.................... [in server_schedule.py:104]
2024-04-09 09:14:24,487 ThreadPoolExecutor-0_0 INFO: start scheduled_job1_insert_feishu job.................... [in server_schedule.py:52]
2024-04-09 09:14:24,487 ThreadPoolExecutor-0_0 INFO: scheduled_job1_insert_feishu job 1712625234487 1710033264487 [in server_schedule.py:65]
2024-04-09 09:14:24,488 ThreadPoolExecutor-0_0 INFO: scheduled_job1_insert_feishu job sync = 0 ,[] [in server_schedule.py:71]
2024-04-09 09:14:24,488 ThreadPoolExecutor-0_0 INFO: scheduled_job1_insert_feishu job need insert [] need set sync = 1 ,set() [in server_schedule.py:77]
2024-04-09 09:14:24,488 ThreadPoolExecutor-0_0 INFO: end scheduled_job1_insert_feishu job.................... [in server_schedule.py:104]
2024-04-09 09:16:24,481 ThreadPoolExecutor-0_0 INFO: start scheduled_job1_insert_feishu job.................... [in server_schedule.py:52]
2024-04-09 09:16:24,481 ThreadPoolExecutor-0_0 INFO: scheduled_job1_insert_feishu job 1712625354481 1710033384481 [in server_schedule.py:65]
2024-04-09 09:16:24,481 ThreadPoolExecutor-0_0 INFO: scheduled_job1_insert_feishu job sync = 0 ,[] [in server_schedule.py:71]
2024-04-09 09:16:24,481 ThreadPoolExecutor-0_0 INFO: scheduled_job1_insert_feishu job need insert [] need set sync = 1 ,set() [in server_schedule.py:77]
2024-04-09 09:16:24,481 ThreadPoolExecutor-0_0 INFO: end scheduled_job1_insert_feishu job.................... [in server_schedule.py:104]
2024-04-09 09:18:24,483 ThreadPoolExecutor-0_0 INFO: start scheduled_job1_insert_feishu job.................... [in server_schedule.py:52]
2024-04-09 09:18:24,483 ThreadPoolExecutor-0_0 INFO: scheduled_job1_insert_feishu job 1712625474483 1710033504483 [in server_schedule.py:65]
2024-04-09 09:18:24,484 ThreadPoolExecutor-0_0 INFO: scheduled_job1_insert_feishu job sync = 0 ,[] [in server_schedule.py:71]
2024-04-09 09:18:24,484 ThreadPoolExecutor-0_0 INFO: scheduled_job1_insert_feishu job need insert [] need set sync = 1 ,set() [in server_schedule.py:77]
2024-04-09 09:18:24,484 ThreadPoolExecutor-0_0 INFO: end scheduled_job1_insert_feishu job.................... [in server_schedule.py:104]
2024-04-09 09:20:24,478 ThreadPoolExecutor-0_0 INFO: start scheduled_job1_insert_feishu job.................... [in server_schedule.py:52]
2024-04-09 09:20:24,478 ThreadPoolExecutor-0_0 INFO: scheduled_job1_insert_feishu job 1712625594478 1710033624478 [in server_schedule.py:65]
2024-04-09 09:20:24,479 ThreadPoolExecutor-0_0 INFO: scheduled_job1_insert_feishu job sync = 0 ,[] [in server_schedule.py:71]
2024-04-09 09:20:24,479 ThreadPoolExecutor-0_0 INFO: scheduled_job1_insert_feishu job need insert [] need set sync = 1 ,set() [in server_schedule.py:77]
2024-04-09 09:20:24,479 ThreadPoolExecutor-0_0 INFO: end scheduled_job1_insert_feishu job.................... [in server_schedule.py:104]
2024-04-09 09:22:24,487 ThreadPoolExecutor-0_0 INFO: start scheduled_job1_insert_feishu job.................... [in server_schedule.py:52]
2024-04-09 09:22:24,487 ThreadPoolExecutor-0_0 INFO: scheduled_job1_insert_feishu job 1712625714487 1710033744487 [in server_schedule.py:65]
2024-04-09 09:22:24,488 ThreadPoolExecutor-0_0 INFO: scheduled_job1_insert_feishu job sync = 0 ,[] [in server_schedule.py:71]
2024-04-09 09:22:24,488 ThreadPoolExecutor-0_0 INFO: scheduled_job1_insert_feishu job need insert [] need set sync = 1 ,set() [in server_schedule.py:77]
2024-04-09 09:22:24,488 ThreadPoolExecutor-0_0 INFO: end scheduled_job1_insert_feishu job.................... [in server_schedule.py:104]
2024-04-09 09:24:24,479 ThreadPoolExecutor-0_0 INFO: start scheduled_job1_insert_feishu job.................... [in server_schedule.py:52]
2024-04-09 09:24:24,479 ThreadPoolExecutor-0_0 INFO: scheduled_job1_insert_feishu job 1712625834479 1710033864479 [in server_schedule.py:65]
2024-04-09 09:24:24,479 ThreadPoolExecutor-0_0 INFO: scheduled_job1_insert_feishu job sync = 0 ,[] [in server_schedule.py:71]
2024-04-09 09:24:24,479 ThreadPoolExecutor-0_0 INFO: scheduled_job1_insert_feishu job need insert [] need set sync = 1 ,set() [in server_schedule.py:77]
2024-04-09 09:24:24,479 ThreadPoolExecutor-0_0 INFO: end scheduled_job1_insert_feishu job.................... [in server_schedule.py:104]
2024-04-09 09:26:24,481 ThreadPoolExecutor-0_0 INFO: start scheduled_job1_insert_feishu job.................... [in server_schedule.py:52]
2024-04-09 09:26:24,481 ThreadPoolExecutor-0_0 INFO: scheduled_job1_insert_feishu job 1712625954481 1710033984481 [in server_schedule.py:65]
2024-04-09 09:26:24,481 ThreadPoolExecutor-0_0 INFO: scheduled_job1_insert_feishu job sync = 0 ,[] [in server_schedule.py:71]
2024-04-09 09:26:24,481 ThreadPoolExecutor-0_0 INFO: scheduled_job1_insert_feishu job need insert [] need set sync = 1 ,set() [in server_schedule.py:77]
2024-04-09 09:26:24,481 ThreadPoolExecutor-0_0 INFO: end scheduled_job1_insert_feishu job.................... [in server_schedule.py:104]
2024-04-09 09:28:24,474 ThreadPoolExecutor-0_0 INFO: start scheduled_job1_insert_feishu job.................... [in server_schedule.py:52]
2024-04-09 09:28:24,474 ThreadPoolExecutor-0_0 INFO: scheduled_job1_insert_feishu job 1712626074474 1710034104474 [in server_schedule.py:65]
2024-04-09 09:28:24,475 ThreadPoolExecutor-0_0 INFO: scheduled_job1_insert_feishu job sync = 0 ,[] [in server_schedule.py:71]
2024-04-09 09:28:24,475 ThreadPoolExecutor-0_0 INFO: scheduled_job1_insert_feishu job need insert [] need set sync = 1 ,set() [in server_schedule.py:77]
2024-04-09 09:28:24,475 ThreadPoolExecutor-0_0 INFO: end scheduled_job1_insert_feishu job.................... [in server_schedule.py:104]
2024-04-09 09:30:24,479 ThreadPoolExecutor-0_0 INFO: start scheduled_job1_insert_feishu job.................... [in server_schedule.py:52]
2024-04-09 09:30:24,479 ThreadPoolExecutor-0_0 INFO: scheduled_job1_insert_feishu job 1712626194479 1710034224479 [in server_schedule.py:65]
2024-04-09 09:30:24,479 ThreadPoolExecutor-0_0 INFO: scheduled_job1_insert_feishu job sync = 0 ,[] [in server_schedule.py:71]
2024-04-09 09:30:24,479 ThreadPoolExecutor-0_0 INFO: scheduled_job1_insert_feishu job need insert [] need set sync = 1 ,set() [in server_schedule.py:77]
2024-04-09 09:30:24,479 ThreadPoolExecutor-0_0 INFO: end scheduled_job1_insert_feishu job.................... [in server_schedule.py:104]
2024-04-09 09:32:24,479 ThreadPoolExecutor-0_0 INFO: start scheduled_job1_insert_feishu job.................... [in server_schedule.py:52]
2024-04-09 09:32:24,479 ThreadPoolExecutor-0_0 INFO: scheduled_job1_insert_feishu job 1712626314479 1710034344479 [in server_schedule.py:65]
2024-04-09 09:32:24,480 ThreadPoolExecutor-0_0 INFO: scheduled_job1_insert_feishu job sync = 0 ,[] [in server_schedule.py:71]
2024-04-09 09:32:24,480 ThreadPoolExecutor-0_0 INFO: scheduled_job1_insert_feishu job need insert [] need set sync = 1 ,set() [in server_schedule.py:77]
2024-04-09 09:32:24,480 ThreadPoolExecutor-0_0 INFO: end scheduled_job1_insert_feishu job.................... [in server_schedule.py:104]
2024-04-09 09:34:24,488 ThreadPoolExecutor-0_0 INFO: start scheduled_job1_insert_feishu job.................... [in server_schedule.py:52]
2024-04-09 09:34:24,488 ThreadPoolExecutor-0_0 INFO: scheduled_job1_insert_feishu job 1712626434488 1710034464488 [in server_schedule.py:65]
2024-04-09 09:34:24,488 ThreadPoolExecutor-0_0 INFO: scheduled_job1_insert_feishu job sync = 0 ,[] [in server_schedule.py:71]
2024-04-09 09:34:24,488 ThreadPoolExecutor-0_0 INFO: scheduled_job1_insert_feishu job need insert [] need set sync = 1 ,set() [in server_schedule.py:77]
2024-04-09 09:34:24,488 ThreadPoolExecutor-0_0 INFO: end scheduled_job1_insert_feishu job.................... [in server_schedule.py:104]
2024-04-09 09:36:24,486 ThreadPoolExecutor-0_0 INFO: start scheduled_job1_insert_feishu job.................... [in server_schedule.py:52]
2024-04-09 09:36:24,486 ThreadPoolExecutor-0_0 INFO: scheduled_job1_insert_feishu job 1712626554486 1710034584486 [in server_schedule.py:65]
2024-04-09 09:36:24,486 ThreadPoolExecutor-0_0 INFO: scheduled_job1_insert_feishu job sync = 0 ,[] [in server_schedule.py:71]
2024-04-09 09:36:24,486 ThreadPoolExecutor-0_0 INFO: scheduled_job1_insert_feishu job need insert [] need set sync = 1 ,set() [in server_schedule.py:77]
2024-04-09 09:36:24,487 ThreadPoolExecutor-0_0 INFO: end scheduled_job1_insert_feishu job.................... [in server_schedule.py:104]
2024-04-09 09:38:24,480 ThreadPoolExecutor-0_0 INFO: start scheduled_job1_insert_feishu job.................... [in server_schedule.py:52]
2024-04-09 09:38:24,481 ThreadPoolExecutor-0_0 INFO: scheduled_job1_insert_feishu job 1712626674481 1710034704481 [in server_schedule.py:65]
2024-04-09 09:38:24,481 ThreadPoolExecutor-0_0 INFO: scheduled_job1_insert_feishu job sync = 0 ,[] [in server_schedule.py:71]
2024-04-09 09:38:24,481 ThreadPoolExecutor-0_0 INFO: scheduled_job1_insert_feishu job need insert [] need set sync = 1 ,set() [in server_schedule.py:77]
2024-04-09 09:38:24,481 ThreadPoolExecutor-0_0 INFO: end scheduled_job1_insert_feishu job.................... [in server_schedule.py:104]
2024-04-09 09:40:24,476 ThreadPoolExecutor-0_0 INFO: start scheduled_job1_insert_feishu job.................... [in server_schedule.py:52]
2024-04-09 09:40:24,476 ThreadPoolExecutor-0_0 INFO: scheduled_job1_insert_feishu job 1712626794476 1710034824476 [in server_schedule.py:65]
2024-04-09 09:40:24,477 ThreadPoolExecutor-0_0 INFO: scheduled_job1_insert_feishu job sync = 0 ,[] [in server_schedule.py:71]
2024-04-09 09:40:24,477 ThreadPoolExecutor-0_0 INFO: scheduled_job1_insert_feishu job need insert [] need set sync = 1 ,set() [in server_schedule.py:77]
2024-04-09 09:40:24,477 ThreadPoolExecutor-0_0 INFO: end scheduled_job1_insert_feishu job.................... [in server_schedule.py:104]
2024-04-09 09:42:24,477 ThreadPoolExecutor-0_0 INFO: start scheduled_job1_insert_feishu job.................... [in server_schedule.py:52]
2024-04-09 09:42:24,477 ThreadPoolExecutor-0_0 INFO: scheduled_job1_insert_feishu job 1712626914477 1710034944477 [in server_schedule.py:65]
2024-04-09 09:42:24,478 ThreadPoolExecutor-0_0 INFO: scheduled_job1_insert_feishu job sync = 0 ,[] [in server_schedule.py:71]
2024-04-09 09:42:24,478 ThreadPoolExecutor-0_0 INFO: scheduled_job1_insert_feishu job need insert [] need set sync = 1 ,set() [in server_schedule.py:77]
2024-04-09 09:42:24,478 ThreadPoolExecutor-0_0 INFO: end scheduled_job1_insert_feishu job.................... [in server_schedule.py:104]
2024-04-09 09:44:24,486 ThreadPoolExecutor-0_0 INFO: start scheduled_job1_insert_feishu job.................... [in server_schedule.py:52]
2024-04-09 09:44:24,486 ThreadPoolExecutor-0_0 INFO: scheduled_job1_insert_feishu job 1712627034486 1710035064486 [in server_schedule.py:65]
2024-04-09 09:44:24,487 ThreadPoolExecutor-0_0 INFO: scheduled_job1_insert_feishu job sync = 0 ,[] [in server_schedule.py:71]
2024-04-09 09:44:24,487 ThreadPoolExecutor-0_0 INFO: scheduled_job1_insert_feishu job need insert [] need set sync = 1 ,set() [in server_schedule.py:77]
2024-04-09 09:44:24,487 ThreadPoolExecutor-0_0 INFO: end scheduled_job1_insert_feishu job.................... [in server_schedule.py:104]
2024-04-09 09:46:24,483 ThreadPoolExecutor-0_0 INFO: start scheduled_job1_insert_feishu job.................... [in server_schedule.py:52]
2024-04-09 09:46:24,483 ThreadPoolExecutor-0_0 INFO: scheduled_job1_insert_feishu job 1712627154483 1710035184483 [in server_schedule.py:65]
2024-04-09 09:46:24,483 ThreadPoolExecutor-0_0 INFO: scheduled_job1_insert_feishu job sync = 0 ,[] [in server_schedule.py:71]
2024-04-09 09:46:24,484 ThreadPoolExecutor-0_0 INFO: scheduled_job1_insert_feishu job need insert [] need set sync = 1 ,set() [in server_schedule.py:77]
2024-04-09 09:46:24,484 ThreadPoolExecutor-0_0 INFO: end scheduled_job1_insert_feishu job.................... [in server_schedule.py:104]
2024-04-09 09:48:24,488 ThreadPoolExecutor-0_0 INFO: start scheduled_job1_insert_feishu job.................... [in server_schedule.py:52]
2024-04-09 09:48:24,488 ThreadPoolExecutor-0_0 INFO: scheduled_job1_insert_feishu job 1712627274488 1710035304488 [in server_schedule.py:65]
2024-04-09 09:48:24,489 ThreadPoolExecutor-0_0 INFO: scheduled_job1_insert_feishu job sync = 0 ,[] [in server_schedule.py:71]
2024-04-09 09:48:24,489 ThreadPoolExecutor-0_0 INFO: scheduled_job1_insert_feishu job need insert [] need set sync = 1 ,set() [in server_schedule.py:77]
2024-04-09 09:48:24,489 ThreadPoolExecutor-0_0 INFO: end scheduled_job1_insert_feishu job.................... [in server_schedule.py:104]
2024-04-09 09:50:24,480 ThreadPoolExecutor-0_0 INFO: start scheduled_job1_insert_feishu job.................... [in server_schedule.py:52]
2024-04-09 09:50:24,481 ThreadPoolExecutor-0_0 INFO: scheduled_job1_insert_feishu job 1712627394481 1710035424481 [in server_schedule.py:65]
2024-04-09 09:50:24,481 ThreadPoolExecutor-0_0 INFO: scheduled_job1_insert_feishu job sync = 0 ,[] [in server_schedule.py:71]
2024-04-09 09:50:24,481 ThreadPoolExecutor-0_0 INFO: scheduled_job1_insert_feishu job need insert [] need set sync = 1 ,set() [in server_schedule.py:77]
2024-04-09 09:50:24,481 ThreadPoolExecutor-0_0 INFO: end scheduled_job1_insert_feishu job.................... [in server_schedule.py:104]
2024-04-09 09:52:24,482 ThreadPoolExecutor-0_0 INFO: start scheduled_job1_insert_feishu job.................... [in server_schedule.py:52]
2024-04-09 09:52:24,482 ThreadPoolExecutor-0_0 INFO: scheduled_job1_insert_feishu job 1712627514482 1710035544482 [in server_schedule.py:65]
2024-04-09 09:52:24,483 ThreadPoolExecutor-0_0 INFO: scheduled_job1_insert_feishu job sync = 0 ,[] [in server_schedule.py:71]
2024-04-09 09:52:24,483 ThreadPoolExecutor-0_0 INFO: scheduled_job1_insert_feishu job need insert [] need set sync = 1 ,set() [in server_schedule.py:77]
2024-04-09 09:52:24,483 ThreadPoolExecutor-0_0 INFO: end scheduled_job1_insert_feishu job.................... [in server_schedule.py:104]
2024-04-09 09:54:24,485 ThreadPoolExecutor-0_0 INFO: start scheduled_job1_insert_feishu job.................... [in server_schedule.py:52]
2024-04-09 09:54:24,485 ThreadPoolExecutor-0_0 INFO: scheduled_job1_insert_feishu job 1712627634485 1710035664485 [in server_schedule.py:65]
2024-04-09 09:54:24,485 ThreadPoolExecutor-0_0 INFO: scheduled_job1_insert_feishu job sync = 0 ,[] [in server_schedule.py:71]
2024-04-09 09:54:24,485 ThreadPoolExecutor-0_0 INFO: scheduled_job1_insert_feishu job need insert [] need set sync = 1 ,set() [in server_schedule.py:77]
2024-04-09 09:54:24,485 ThreadPoolExecutor-0_0 INFO: end scheduled_job1_insert_feishu job.................... [in server_schedule.py:104]
2024-04-09 09:56:24,486 ThreadPoolExecutor-0_0 INFO: start scheduled_job1_insert_feishu job.................... [in server_schedule.py:52]
2024-04-09 09:56:24,486 ThreadPoolExecutor-0_0 INFO: scheduled_job1_insert_feishu job 1712627754486 1710035784486 [in server_schedule.py:65]
2024-04-09 09:56:24,487 ThreadPoolExecutor-0_0 INFO: scheduled_job1_insert_feishu job sync = 0 ,[] [in server_schedule.py:71]
2024-04-09 09:56:24,487 ThreadPoolExecutor-0_0 INFO: scheduled_job1_insert_feishu job need insert [] need set sync = 1 ,set() [in server_schedule.py:77]
2024-04-09 09:56:24,487 ThreadPoolExecutor-0_0 INFO: end scheduled_job1_insert_feishu job.................... [in server_schedule.py:104]
2024-04-09 09:58:24,483 ThreadPoolExecutor-0_0 INFO: start scheduled_job1_insert_feishu job.................... [in server_schedule.py:52]
2024-04-09 09:58:24,483 ThreadPoolExecutor-0_0 INFO: scheduled_job1_insert_feishu job 1712627874483 1710035904483 [in server_schedule.py:65]
2024-04-09 09:58:24,483 ThreadPoolExecutor-0_0 INFO: scheduled_job1_insert_feishu job sync = 0 ,[] [in server_schedule.py:71]
2024-04-09 09:58:24,483 ThreadPoolExecutor-0_0 INFO: scheduled_job1_insert_feishu job need insert [] need set sync = 1 ,set() [in server_schedule.py:77]
2024-04-09 09:58:24,483 ThreadPoolExecutor-0_0 INFO: end scheduled_job1_insert_feishu job.................... [in server_schedule.py:104]
2024-04-09 10:00:24,476 ThreadPoolExecutor-0_0 INFO: start scheduled_job1_insert_feishu job.................... [in server_schedule.py:52]
2024-04-09 10:00:24,476 ThreadPoolExecutor-0_0 INFO: scheduled_job1_insert_feishu job 1712627994476 1710036024476 [in server_schedule.py:65]
2024-04-09 10:00:24,476 ThreadPoolExecutor-0_0 INFO: scheduled_job1_insert_feishu job sync = 0 ,[] [in server_schedule.py:71]
2024-04-09 10:00:24,476 ThreadPoolExecutor-0_0 INFO: scheduled_job1_insert_feishu job need insert [] need set sync = 1 ,set() [in server_schedule.py:77]
2024-04-09 10:00:24,476 ThreadPoolExecutor-0_0 INFO: end scheduled_job1_insert_feishu job.................... [in server_schedule.py:104]
2024-04-09 10:02:24,473 ThreadPoolExecutor-0_0 INFO: start scheduled_job1_insert_feishu job.................... [in server_schedule.py:52]
2024-04-09 10:02:24,473 ThreadPoolExecutor-0_0 INFO: scheduled_job1_insert_feishu job 1712628114473 1710036144473 [in server_schedule.py:65]
2024-04-09 10:02:24,474 ThreadPoolExecutor-0_0 INFO: scheduled_job1_insert_feishu job sync = 0 ,[] [in server_schedule.py:71]
2024-04-09 10:02:24,474 ThreadPoolExecutor-0_0 INFO: scheduled_job1_insert_feishu job need insert [] need set sync = 1 ,set() [in server_schedule.py:77]
2024-04-09 10:02:24,474 ThreadPoolExecutor-0_0 INFO: end scheduled_job1_insert_feishu job.................... [in server_schedule.py:104]
2024-04-09 10:04:24,485 ThreadPoolExecutor-0_0 INFO: start scheduled_job1_insert_feishu job.................... [in server_schedule.py:52]
2024-04-09 10:04:24,485 ThreadPoolExecutor-0_0 INFO: scheduled_job1_insert_feishu job 1712628234485 1710036264485 [in server_schedule.py:65]
2024-04-09 10:04:24,486 ThreadPoolExecutor-0_0 INFO: scheduled_job1_insert_feishu job sync = 0 ,[] [in server_schedule.py:71]
2024-04-09 10:04:24,486 ThreadPoolExecutor-0_0 INFO: scheduled_job1_insert_feishu job need insert [] need set sync = 1 ,set() [in server_schedule.py:77]
2024-04-09 10:04:24,486 ThreadPoolExecutor-0_0 INFO: end scheduled_job1_insert_feishu job.................... [in server_schedule.py:104]
2024-04-09 10:06:24,474 ThreadPoolExecutor-0_0 INFO: start scheduled_job1_insert_feishu job.................... [in server_schedule.py:52]
2024-04-09 10:06:24,474 ThreadPoolExecutor-0_0 INFO: scheduled_job1_insert_feishu job 1712628354474 1710036384474 [in server_schedule.py:65]
2024-04-09 10:06:24,474 ThreadPoolExecutor-0_0 INFO: scheduled_job1_insert_feishu job sync = 0 ,[] [in server_schedule.py:71]
2024-04-09 10:06:24,474 ThreadPoolExecutor-0_0 INFO: scheduled_job1_insert_feishu job need insert [] need set sync = 1 ,set() [in server_schedule.py:77]
2024-04-09 10:06:24,474 ThreadPoolExecutor-0_0 INFO: end scheduled_job1_insert_feishu job.................... [in server_schedule.py:104]
2024-04-09 10:08:24,480 ThreadPoolExecutor-0_0 INFO: start scheduled_job1_insert_feishu job.................... [in server_schedule.py:52]
2024-04-09 10:08:24,481 ThreadPoolExecutor-0_0 INFO: scheduled_job1_insert_feishu job 1712628474481 1710036504481 [in server_schedule.py:65]
2024-04-09 10:08:24,481 ThreadPoolExecutor-0_0 INFO: scheduled_job1_insert_feishu job sync = 0 ,[] [in server_schedule.py:71]
2024-04-09 10:08:24,481 ThreadPoolExecutor-0_0 INFO: scheduled_job1_insert_feishu job need insert [] need set sync = 1 ,set() [in server_schedule.py:77]
2024-04-09 10:08:24,481 ThreadPoolExecutor-0_0 INFO: end scheduled_job1_insert_feishu job.................... [in server_schedule.py:104]
2024-04-09 10:10:24,488 ThreadPoolExecutor-0_0 INFO: start scheduled_job1_insert_feishu job.................... [in server_schedule.py:52]
2024-04-09 10:10:24,488 ThreadPoolExecutor-0_0 INFO: scheduled_job1_insert_feishu job 1712628594488 1710036624488 [in server_schedule.py:65]
2024-04-09 10:10:24,488 ThreadPoolExecutor-0_0 INFO: scheduled_job1_insert_feishu job sync = 0 ,[] [in server_schedule.py:71]
2024-04-09 10:10:24,488 ThreadPoolExecutor-0_0 INFO: scheduled_job1_insert_feishu job need insert [] need set sync = 1 ,set() [in server_schedule.py:77]
2024-04-09 10:10:24,488 ThreadPoolExecutor-0_0 INFO: end scheduled_job1_insert_feishu job.................... [in server_schedule.py:104]
2024-04-09 10:12:24,479 ThreadPoolExecutor-0_0 INFO: start scheduled_job1_insert_feishu job.................... [in server_schedule.py:52]
2024-04-09 10:12:24,479 ThreadPoolExecutor-0_0 INFO: scheduled_job1_insert_feishu job 1712628714479 1710036744479 [in server_schedule.py:65]
2024-04-09 10:12:24,480 ThreadPoolExecutor-0_0 INFO: scheduled_job1_insert_feishu job sync = 0 ,[] [in server_schedule.py:71]
2024-04-09 10:12:24,480 ThreadPoolExecutor-0_0 INFO: scheduled_job1_insert_feishu job need insert [] need set sync = 1 ,set() [in server_schedule.py:77]
2024-04-09 10:12:24,480 ThreadPoolExecutor-0_0 INFO: end scheduled_job1_insert_feishu job.................... [in server_schedule.py:104]
2024-04-09 10:14:24,481 ThreadPoolExecutor-0_0 INFO: start scheduled_job1_insert_feishu job.................... [in server_schedule.py:52]
2024-04-09 10:14:24,481 ThreadPoolExecutor-0_0 INFO: scheduled_job1_insert_feishu job 1712628834481 1710036864481 [in server_schedule.py:65]
2024-04-09 10:14:24,482 ThreadPoolExecutor-0_0 INFO: scheduled_job1_insert_feishu job sync = 0 ,[] [in server_schedule.py:71]
2024-04-09 10:14:24,482 ThreadPoolExecutor-0_0 INFO: scheduled_job1_insert_feishu job need insert [] need set sync = 1 ,set() [in server_schedule.py:77]
2024-04-09 10:14:24,482 ThreadPoolExecutor-0_0 INFO: end scheduled_job1_insert_feishu job.................... [in server_schedule.py:104]
2024-04-09 10:16:24,485 ThreadPoolExecutor-0_0 INFO: start scheduled_job1_insert_feishu job.................... [in server_schedule.py:52]
2024-04-09 10:16:24,485 ThreadPoolExecutor-0_0 INFO: scheduled_job1_insert_feishu job 1712628954485 1710036984485 [in server_schedule.py:65]
2024-04-09 10:16:24,486 ThreadPoolExecutor-0_0 INFO: scheduled_job1_insert_feishu job sync = 0 ,[] [in server_schedule.py:71]
2024-04-09 10:16:24,486 ThreadPoolExecutor-0_0 INFO: scheduled_job1_insert_feishu job need insert [] need set sync = 1 ,set() [in server_schedule.py:77]
2024-04-09 10:16:24,486 ThreadPoolExecutor-0_0 INFO: end scheduled_job1_insert_feishu job.................... [in server_schedule.py:104]
